<?xml version="1.0" encoding="UTF-8" ?>
<testsuite failures="2" time="0.022" errors="0" skipped="0" tests="16" name="com.Cucumber.CurrencyTest">
  <properties>
[...]
</properties>
  <testcase time="0" classname="Scenario: Open MicroStrategy" name="Given I open the login \/MicroStrategy\/asp\/Main.aspx page"/>
  <testcase time="0" classname="Scenario: Open MicroStrategy" name="When I enter Administrator in the Uid field"/>
  <testcase time="0" classname="Scenario: Open MicroStrategy" name="When I enter PutnaM@123 in the Pwd field"/>
  <testcase time="0" classname="Scenario: Open MicroStrategy" name="And I click on the button 3054"/>
  <testcase time="0" classname="Scenario: Open MicroStrategy" name="When I click on the element using Xpath \/\/*[@id=\&quot;projects_ProjectsStyle\&quot;]\/table\/tbody\/tr[2]\/td[1]\/div\/table\/tbody\/tr\/td[2]\/a"/>
  <testcase time="0.001" classname="Scenario: Open MicroStrategy" name="When I wait for dktpSectionView to visible"/>
  <testcase time="0.001" classname="Scenario: Open MicroStrategy" name="When I click on the element using Xpath \/\/*[@id=\&quot;dktpSectionView\&quot;]\/a[1]"/>
  <testcase time="0" classname="Scenario: Open MicroStrategy" name="When I wait for folderAllModes to visible"/>
  <testcase time="0" classname="Scenario: Open MicroStrategy" name="And I wait some seconds"/>
  <testcase time="0" classname="Scenario: Open MicroStrategy" name="When I click on the element using Xpath \/\/*[@id=\&quot;FolderIcons\&quot;]\/tbody\/tr[1]\/td[2]\/div"/>
  <testcase time="0" classname="Scenario: Open MicroStrategy" name="And I wait some seconds"/>
  <testcase time="0" classname="Scenario: Open MicroStrategy" name="And I wait some seconds"/>
  <testcase time="0" classname="Scenario: Open MicroStrategy" name="When I click on the element using Xpath  \/\/*[@id=\&quot;FolderIcons\&quot;]\/tbody\/tr[2]\/td[1]\/div"/>
  <testcase time="0" classname="Scenario: Open MicroStrategy" name="And I wait some seconds"/>
  <testcase time="0.01" classname="Scenario: Open MicroStrategy" name="And I CompareData for Currency">
    <failure message="expected:&lt;[-937266]&gt; but was:&lt;[]&gt;" type="java.lang.AssertionError">java.lang.AssertionError: expected:&lt;[-937266]&gt; but was:&lt;[]&gt;
	at org.junit.Assert.fail(Assert.java:88)
	at org.junit.Assert.failNotEquals(Assert.java:743)
	at org.junit.Assert.assertEquals(Assert.java:118)
	at org.junit.Assert.assertEquals(Assert.java:144)
	at com.Cucumber.PageStepDefs.CompareCurrencyData(PageStepDefs.java:515)
	at ✽.And I CompareData for Currency(com/Cucumber/Currency.feature:28)
</failure>
    <system-out>Connection to Postgresql is successfull
The DB Query is running on End Date : 2014-10-31 00:00:00
Results fetched successfully
Total Rows = 0
Table Row Size : 0
UI Values:[]
DB Values:[-937266]
</system-out>
  </testcase>
  <testcase time="0.01" classname="Scenario: Open MicroStrategy" name="Scenario: Open MicroStrategy">
    <failure message="expected:&lt;[-937266]&gt; but was:&lt;[]&gt;" type="java.lang.AssertionError">java.lang.AssertionError: expected:&lt;[-937266]&gt; but was:&lt;[]&gt;
	at org.junit.Assert.fail(Assert.java:88)
	at org.junit.Assert.failNotEquals(Assert.java:743)
	at org.junit.Assert.assertEquals(Assert.java:118)
	at org.junit.Assert.assertEquals(Assert.java:144)
	at com.Cucumber.PageStepDefs.CompareCurrencyData(PageStepDefs.java:515)
	at ✽.And I CompareData for Currency(com/Cucumber/Currency.feature:28)
</failure>
  </testcase>
</testsuite>